  [1m[36m (6.2ms)[0m  [1mCREATE TABLE "schema_migrations" ("version" character varying NOT NULL) [0m
  [1m[35m (2.2ms)[0m  CREATE UNIQUE INDEX  "unique_schema_migrations" ON "schema_migrations"  ("version")
  [1m[36mActiveRecord::SchemaMigration Load (0.6ms)[0m  [1mSELECT "schema_migrations".* FROM "schema_migrations"[0m


Started GET "/" for ::1 at 2016-05-27 22:03:00 +0100
Processing by Rails::WelcomeController#index as HTML
  Rendered /Users/luisdias/.rvm/gems/ruby-2.3.1/gems/railties-4.2.6/lib/rails/templates/rails/welcome/index.html.erb (1.8ms)
Completed 200 OK in 21ms (Views: 11.8ms | ActiveRecord: 0.0ms)


Started GET "/" for ::1 at 2016-05-27 22:06:49 +0100
Processing by Rails::WelcomeController#index as HTML
  Rendered /Users/luisdias/.rvm/gems/ruby-2.3.1/gems/railties-4.2.6/lib/rails/templates/rails/welcome/index.html.erb (0.1ms)
Completed 200 OK in 3ms (Views: 1.6ms | ActiveRecord: 0.0ms)


Started GET "/" for ::1 at 2016-05-27 22:09:18 +0100
Processing by Rails::WelcomeController#index as HTML
  Rendered /Users/luisdias/.rvm/gems/ruby-2.3.1/gems/railties-4.2.6/lib/rails/templates/rails/welcome/index.html.erb (0.0ms)
Completed 200 OK in 2ms (Views: 1.6ms | ActiveRecord: 0.0ms)


Started GET "/directions" for ::1 at 2016-05-27 23:22:45 +0100
Processing by DirectionsController#index as HTML
Completed 500 Internal Server Error in 6ms (ActiveRecord: 0.0ms)

NameError (uninitialized constant DirectionsController::Faraday):
  app/controllers/directions_controller.rb:4:in `index'


  Rendered /Users/luisdias/.rvm/gems/ruby-2.3.1/gems/actionpack-4.2.6/lib/action_dispatch/middleware/templates/rescues/_source.erb (3.9ms)
  Rendered /Users/luisdias/.rvm/gems/ruby-2.3.1/gems/actionpack-4.2.6/lib/action_dispatch/middleware/templates/rescues/_trace.html.erb (2.1ms)
  Rendered /Users/luisdias/.rvm/gems/ruby-2.3.1/gems/actionpack-4.2.6/lib/action_dispatch/middleware/templates/rescues/_request_and_response.html.erb (1.1ms)
  Rendered /Users/luisdias/.rvm/gems/ruby-2.3.1/gems/actionpack-4.2.6/lib/action_dispatch/middleware/templates/rescues/diagnostics.html.erb within rescues/layout (50.2ms)
  Rendered /Users/luisdias/.rvm/gems/ruby-2.3.1/gems/web-console-2.3.0/lib/web_console/templates/_markup.html.erb (0.8ms)
  Rendered /Users/luisdias/.rvm/gems/ruby-2.3.1/gems/web-console-2.3.0/lib/web_console/templates/_inner_console_markup.html.erb within layouts/inlined_string (0.4ms)
  Rendered /Users/luisdias/.rvm/gems/ruby-2.3.1/gems/web-console-2.3.0/lib/web_console/templates/_prompt_box_markup.html.erb within layouts/inlined_string (0.3ms)
  Rendered /Users/luisdias/.rvm/gems/ruby-2.3.1/gems/web-console-2.3.0/lib/web_console/templates/style.css.erb within layouts/inlined_string (0.5ms)
  Rendered /Users/luisdias/.rvm/gems/ruby-2.3.1/gems/web-console-2.3.0/lib/web_console/templates/console.js.erb within layouts/javascript (54.4ms)
  Rendered /Users/luisdias/.rvm/gems/ruby-2.3.1/gems/web-console-2.3.0/lib/web_console/templates/main.js.erb within layouts/javascript (0.4ms)
  Rendered /Users/luisdias/.rvm/gems/ruby-2.3.1/gems/web-console-2.3.0/lib/web_console/templates/error_page.js.erb within layouts/javascript (0.4ms)
  Rendered /Users/luisdias/.rvm/gems/ruby-2.3.1/gems/web-console-2.3.0/lib/web_console/templates/index.html.erb (117.2ms)


Started GET "/directions" for ::1 at 2016-05-27 23:23:07 +0100
Processing by DirectionsController#index as HTML
Completed 200 OK in 16ms (Views: 0.2ms | ActiveRecord: 0.0ms)


Started GET "/directions" for ::1 at 2016-05-27 23:23:09 +0100
Processing by DirectionsController#index as HTML
Completed 200 OK in 1ms (Views: 0.1ms | ActiveRecord: 0.0ms)


Started GET "/directions" for ::1 at 2016-05-27 23:27:27 +0100
Processing by DirectionsController#index as HTML
Completed 500 Internal Server Error in 616ms (ActiveRecord: 0.0ms)

Encoding::UndefinedConversionError ("\xE2" from ASCII-8BIT to UTF-8):
  app/controllers/directions_controller.rb:16:in `index'


  Rendered /Users/luisdias/.rvm/gems/ruby-2.3.1/gems/actionpack-4.2.6/lib/action_dispatch/middleware/templates/rescues/_source.erb (5.0ms)
  Rendered /Users/luisdias/.rvm/gems/ruby-2.3.1/gems/actionpack-4.2.6/lib/action_dispatch/middleware/templates/rescues/_trace.html.erb (2.6ms)
  Rendered /Users/luisdias/.rvm/gems/ruby-2.3.1/gems/actionpack-4.2.6/lib/action_dispatch/middleware/templates/rescues/_request_and_response.html.erb (6.5ms)
  Rendered /Users/luisdias/.rvm/gems/ruby-2.3.1/gems/actionpack-4.2.6/lib/action_dispatch/middleware/templates/rescues/diagnostics.html.erb within rescues/layout (59.3ms)
  Rendered /Users/luisdias/.rvm/gems/ruby-2.3.1/gems/web-console-2.3.0/lib/web_console/templates/_markup.html.erb (0.4ms)
  Rendered /Users/luisdias/.rvm/gems/ruby-2.3.1/gems/web-console-2.3.0/lib/web_console/templates/_inner_console_markup.html.erb within layouts/inlined_string (0.3ms)
  Rendered /Users/luisdias/.rvm/gems/ruby-2.3.1/gems/web-console-2.3.0/lib/web_console/templates/_prompt_box_markup.html.erb within layouts/inlined_string (0.3ms)
  Rendered /Users/luisdias/.rvm/gems/ruby-2.3.1/gems/web-console-2.3.0/lib/web_console/templates/style.css.erb within layouts/inlined_string (0.3ms)
  Rendered /Users/luisdias/.rvm/gems/ruby-2.3.1/gems/web-console-2.3.0/lib/web_console/templates/console.js.erb within layouts/javascript (52.8ms)
  Rendered /Users/luisdias/.rvm/gems/ruby-2.3.1/gems/web-console-2.3.0/lib/web_console/templates/main.js.erb within layouts/javascript (0.3ms)
  Rendered /Users/luisdias/.rvm/gems/ruby-2.3.1/gems/web-console-2.3.0/lib/web_console/templates/error_page.js.erb within layouts/javascript (0.4ms)
  Rendered /Users/luisdias/.rvm/gems/ruby-2.3.1/gems/web-console-2.3.0/lib/web_console/templates/index.html.erb (111.5ms)


Started GET "/directions" for ::1 at 2016-05-27 23:27:35 +0100
Processing by DirectionsController#index as HTML
Completed 500 Internal Server Error in 179ms (ActiveRecord: 0.0ms)

RuntimeError ("<!DOCTYPE html>\n<html lang=en>\n  <meta charset=utf-8>\n  <meta name=viewport content=\"initial-scale=1, minimum-scale=1, width=device-width\">\n  <title>Error 404 (Not Found)!!1</title>\n  <style>\n    *{margin:0;padding:0}html,code{font:15px/22px arial,sans-serif}html{background:#fff;color:#222;padding:15px}body{margin:7% auto 0;max-width:390px;min-height:180px;padding:30px 0 15px}* > body{background:url(//www.google.com/images/errors/robot.png) 100% 5px no-repeat;padding-right:205px}p{margin:11px 0 22px;overflow:hidden}ins{color:#777;text-decoration:none}a img{border:0}@media screen and (max-width:772px){body{background:none;margin-top:0;max-width:none;padding-right:0}}#logo{background:url(//www.google.com/images/branding/googlelogo/1x/googlelogo_color_150x54dp.png) no-repeat;margin-left:-5px}@media only screen and (min-resolution:192dpi){#logo{background:url(//www.google.com/images/branding/googlelogo/2x/googlelogo_color_150x54dp.png) no-repeat 0% 0%/100% 100%;-moz-border-image:url(//www.google.com/images/branding/googlelogo/2x/googlelogo_color_150x54dp.png) 0}}@media only screen and (-webkit-min-device-pixel-ratio:2){#logo{background:url(//www.google.com/images/branding/googlelogo/2x/googlelogo_color_150x54dp.png) no-repeat;-webkit-background-size:100% 100%}}#logo{display:inline-block;height:54px;width:150px}\n  </style>\n  <a href=//www.google.com/><span id=logo aria-label=Google></span></a>\n  <p><b>404.</b> <ins>That\xE2\x80\x99s an error.</ins>\n  <p>The requested URL <code>/directions/json?destination=41.142192%2C+-8.614955&amp;key=AIzaSyDrYo3wJqcRthZNCdYR4bBYdaI6u4DL_Kc&amp;mode=driving&amp;origin=41.168936%2C-8.590617</code> was not found on this server.  <ins>That\xE2\x80\x99s all we know.</ins>\n"):
  app/controllers/directions_controller.rb:13:in `index'


  Rendered /Users/luisdias/.rvm/gems/ruby-2.3.1/gems/actionpack-4.2.6/lib/action_dispatch/middleware/templates/rescues/_source.erb (5.5ms)
  Rendered /Users/luisdias/.rvm/gems/ruby-2.3.1/gems/actionpack-4.2.6/lib/action_dispatch/middleware/templates/rescues/_trace.html.erb (2.4ms)
  Rendered /Users/luisdias/.rvm/gems/ruby-2.3.1/gems/actionpack-4.2.6/lib/action_dispatch/middleware/templates/rescues/_request_and_response.html.erb (1.1ms)
  Rendered /Users/luisdias/.rvm/gems/ruby-2.3.1/gems/actionpack-4.2.6/lib/action_dispatch/middleware/templates/rescues/diagnostics.html.erb within rescues/layout (50.2ms)
  Rendered /Users/luisdias/.rvm/gems/ruby-2.3.1/gems/web-console-2.3.0/lib/web_console/templates/_markup.html.erb (0.3ms)
  Rendered /Users/luisdias/.rvm/gems/ruby-2.3.1/gems/web-console-2.3.0/lib/web_console/templates/_inner_console_markup.html.erb within layouts/inlined_string (0.2ms)
  Rendered /Users/luisdias/.rvm/gems/ruby-2.3.1/gems/web-console-2.3.0/lib/web_console/templates/_prompt_box_markup.html.erb within layouts/inlined_string (0.5ms)
  Rendered /Users/luisdias/.rvm/gems/ruby-2.3.1/gems/web-console-2.3.0/lib/web_console/templates/style.css.erb within layouts/inlined_string (0.5ms)
  Rendered /Users/luisdias/.rvm/gems/ruby-2.3.1/gems/web-console-2.3.0/lib/web_console/templates/console.js.erb within layouts/javascript (38.8ms)
  Rendered /Users/luisdias/.rvm/gems/ruby-2.3.1/gems/web-console-2.3.0/lib/web_console/templates/main.js.erb within layouts/javascript (0.3ms)
  Rendered /Users/luisdias/.rvm/gems/ruby-2.3.1/gems/web-console-2.3.0/lib/web_console/templates/error_page.js.erb within layouts/javascript (0.6ms)
  Rendered /Users/luisdias/.rvm/gems/ruby-2.3.1/gems/web-console-2.3.0/lib/web_console/templates/index.html.erb (87.9ms)


Started GET "/directions" for ::1 at 2016-05-27 23:28:06 +0100
Processing by DirectionsController#index as HTML
Completed 500 Internal Server Error in 141ms (ActiveRecord: 0.0ms)

RuntimeError ("<!DOCTYPE html>\n<html lang=en>\n  <meta charset=utf-8>\n  <meta name=viewport content=\"initial-scale=1, minimum-scale=1, width=device-width\">\n  <title>Error 404 (Not Found)!!1</title>\n  <style>\n    *{margin:0;padding:0}html,code{font:15px/22px arial,sans-serif}html{background:#fff;color:#222;padding:15px}body{margin:7% auto 0;max-width:390px;min-height:180px;padding:30px 0 15px}* > body{background:url(//www.google.com/images/errors/robot.png) 100% 5px no-repeat;padding-right:205px}p{margin:11px 0 22px;overflow:hidden}ins{color:#777;text-decoration:none}a img{border:0}@media screen and (max-width:772px){body{background:none;margin-top:0;max-width:none;padding-right:0}}#logo{background:url(//www.google.com/images/branding/googlelogo/1x/googlelogo_color_150x54dp.png) no-repeat;margin-left:-5px}@media only screen and (min-resolution:192dpi){#logo{background:url(//www.google.com/images/branding/googlelogo/2x/googlelogo_color_150x54dp.png) no-repeat 0% 0%/100% 100%;-moz-border-image:url(//www.google.com/images/branding/googlelogo/2x/googlelogo_color_150x54dp.png) 0}}@media only screen and (-webkit-min-device-pixel-ratio:2){#logo{background:url(//www.google.com/images/branding/googlelogo/2x/googlelogo_color_150x54dp.png) no-repeat;-webkit-background-size:100% 100%}}#logo{display:inline-block;height:54px;width:150px}\n  </style>\n  <a href=//www.google.com/><span id=logo aria-label=Google></span></a>\n  <p><b>404.</b> <ins>That\xE2\x80\x99s an error.</ins>\n  <p>The requested URL <code>/directions/json?destination=41.142192%2C+-8.614955&amp;key=AIzaSyDrYo3wJqcRthZNCdYR4bBYdaI6u4DL_Kc&amp;mode=driving&amp;origin=41.168936%2C-8.590617</code> was not found on this server.  <ins>That\xE2\x80\x99s all we know.</ins>\n"):
  app/controllers/directions_controller.rb:13:in `index'


  Rendered /Users/luisdias/.rvm/gems/ruby-2.3.1/gems/actionpack-4.2.6/lib/action_dispatch/middleware/templates/rescues/_source.erb (3.7ms)
  Rendered /Users/luisdias/.rvm/gems/ruby-2.3.1/gems/actionpack-4.2.6/lib/action_dispatch/middleware/templates/rescues/_trace.html.erb (2.2ms)
  Rendered /Users/luisdias/.rvm/gems/ruby-2.3.1/gems/actionpack-4.2.6/lib/action_dispatch/middleware/templates/rescues/_request_and_response.html.erb (0.8ms)
  Rendered /Users/luisdias/.rvm/gems/ruby-2.3.1/gems/actionpack-4.2.6/lib/action_dispatch/middleware/templates/rescues/diagnostics.html.erb within rescues/layout (47.1ms)
  Rendered /Users/luisdias/.rvm/gems/ruby-2.3.1/gems/web-console-2.3.0/lib/web_console/templates/_markup.html.erb (0.4ms)
  Rendered /Users/luisdias/.rvm/gems/ruby-2.3.1/gems/web-console-2.3.0/lib/web_console/templates/_inner_console_markup.html.erb within layouts/inlined_string (0.3ms)
  Rendered /Users/luisdias/.rvm/gems/ruby-2.3.1/gems/web-console-2.3.0/lib/web_console/templates/_prompt_box_markup.html.erb within layouts/inlined_string (0.3ms)
  Rendered /Users/luisdias/.rvm/gems/ruby-2.3.1/gems/web-console-2.3.0/lib/web_console/templates/style.css.erb within layouts/inlined_string (0.3ms)
  Rendered /Users/luisdias/.rvm/gems/ruby-2.3.1/gems/web-console-2.3.0/lib/web_console/templates/console.js.erb within layouts/javascript (40.5ms)
  Rendered /Users/luisdias/.rvm/gems/ruby-2.3.1/gems/web-console-2.3.0/lib/web_console/templates/main.js.erb within layouts/javascript (0.3ms)
  Rendered /Users/luisdias/.rvm/gems/ruby-2.3.1/gems/web-console-2.3.0/lib/web_console/templates/error_page.js.erb within layouts/javascript (0.3ms)
  Rendered /Users/luisdias/.rvm/gems/ruby-2.3.1/gems/web-console-2.3.0/lib/web_console/templates/index.html.erb (88.8ms)


Started GET "/directions" for ::1 at 2016-05-27 23:28:16 +0100
Processing by DirectionsController#index as HTML
Completed 500 Internal Server Error in 274ms (ActiveRecord: 0.0ms)

RuntimeError ("{\n   \"geocoded_waypoints\" : [\n      {\n         \"geocoder_status\" : \"OK\",\n         \"place_id\" : \"ChIJ6WyhT2ZkJA0RWPrrjha9irg\",\n         \"types\" : [ \"street_address\" ]\n      },\n      {\n         \"geocoder_status\" : \"OK\",\n         \"place_id\" : \"EjVSLiBkZSBGZXJyZWlyYSBCb3JnZXMgNDktNTcsIDQwNTAtMjUzIFBvcnRvLCBQb3J0dWdhbA\",\n         \"types\" : [ \"street_address\" ]\n      }\n   ],\n   \"routes\" : [\n      {\n         \"bounds\" : {\n            \"northeast\" : {\n               \"lat\" : 41.168936,\n               \"lng\" : -8.590617399999999\n            },\n            \"southwest\" : {\n               \"lat\" : 41.1421912,\n               \"lng\" : -8.6152666\n            }\n         },\n         \"copyrights\" : \"Map data \xC2\xA92016 Google\",\n         \"legs\" : [\n            {\n               \"distance\" : {\n                  \"text\" : \"4.4 km\",\n                  \"value\" : 4374\n               },\n               \"duration\" : {\n                  \"text\" : \"14 mins\",\n                  \"value\" : 840\n               },\n               \"end_address\" : \"R. de Ferreira Borges 49-57, 4050-253 Porto, Portugal\",\n               \"end_location\" : {\n                  \"lat\" : 41.1421912,\n                  \"lng\" : -8.6152616\n               },\n               \"start_address\" : \"R. do Rel\xC3\xB3gio 3, 4200-213 Porto, Portugal\",\n               \"start_location\" : {\n                  \"lat\" : 41.168936,\n                  \"lng\" : -8.590617399999999\n               },\n               \"steps\" : [\n                  {\n                     \"distance\" : {\n                        \"text\" : \"0.8 km\",\n                        \"value\" : 767\n                     },\n                     \"duration\" : {\n                        \"text\" : \"2 mins\",\n                        \"value\" : 120\n                     },\n                     \"end_location\" : {\n                        \"lat\" : 41.1656546,\n                        \"lng\" : -8.5985903\n                     },\n                     \"html_instructions\" : \"Head \\u003cb\\u003esouthwest\\u003c/b\\u003e on \\u003cb\\u003eRua de Costa Cabral\\u003c/b\\u003e toward \\u003cb\\u003eR. de Lu\xC3\xADs Woodhouse\\u003c/b\\u003e\",\n                     \"polyline\" : {\n                        \"points\" : \"{xgzFjzls@l@fAzBxEdCxFVp@JTHZDPNl@r@rDvA`Hn@bDTdAVhANn@L`@T\\\\\"\n                     },\n                     \"start_location\" : {\n                        \"lat\" : 41.168936,\n                        \"lng\" : -8.590617399999999\n                     },\n                     \"travel_mode\" : \"DRIVING\"\n                  },\n                  {\n                     \"distance\" : {\n                        \"text\" : \"1.3 km\",\n                        \"value\" : 1283\n                     },\n                     \"duration\" : {\n                        \"text\" : \"4 mins\",\n                        \"value\" : 228\n                     },\n                     \"end_location\" : {\n                        \"lat\" : 41.1546115,\n                        \"lng\" : -8.6030268\n                     },\n                     \"html_instructions\" : \"\\u003cb\\u003eRua de Costa Cabral\\u003c/b\\u003e turns \\u003cb\\u003eleft\\u003c/b\\u003e and becomes \\u003cb\\u003eRua da Alegria\\u003c/b\\u003e\",\n                     \"polyline\" : {\n                        \"points\" : \"idgzFdlns@N?VFRFLD^LtBp@ZHZLhElAd@NdD`AjCt@XH`HrB`Bh@hGhBtA`@bBf@zFdBhAZbA^xBt@\"\n                     },\n                     \"start_location\" : {\n                        \"lat\" : 41.1656546,\n                        \"lng\" : -8.5985903\n                     },\n                     \"travel_mode\" : \"DRIVING\"\n                  },\n                  {\n                     \"distance\" : {\n                        \"text\" : \"0.1 km\",\n                        \"value\" : 140\n                     },\n                     \"duration\" : {\n                        \"text\" : \"1 min\",\n                        \"value\" : 34\n                     },\n                     \"end_location\" : {\n                        \"lat\" : 41.1548344,\n                        \"lng\" : -8.604672899999999\n                     },\n                     \"html_instructions\" : \"Turn \\u003cb\\u003eright\\u003c/b\\u003e onto \\u003cb\\u003eR. da Escola Normal\\u003c/b\\u003e\",\n                     \"maneuver\" : \"turn-right\",\n                     \"polyline\" : {\n                        \"points\" : \"i_ezF|gos@e@`HEd@\"\n                     },\n                     \"start_location\" : {\n                        \"lat\" : 41.1546115,\n                        \"lng\" : -8.6030268\n                     },\n                     \"travel_mode\" : \"DRIVING\"\n                  },\n                  {\n                     \"distance\" : {\n                        \"text\" : \"0.1 km\",\n                        \"value\" : 135\n                     },\n                     \"duration\" : {\n                        \"text\" : \"1 min\",\n                        \"value\" : 25\n                     },\n                     \"end_location\" : {\n                        \"lat\" : 41.153625,\n                        \"lng\" : -8.604726899999999\n                     },\n                     \"html_instructions\" : \"Turn \\u003cb\\u003eleft\\u003c/b\\u003e onto \\u003cb\\u003eRua de Santa Catarina\\u003c/b\\u003e\",\n                     \"maneuver\" : \"turn-left\",\n                     \"polyline\" : {\n                        \"points\" : \"u`ezFdros@dFJJ?\"\n                     },\n                     \"start_location\" : {\n                        \"lat\" : 41.1548344,\n                        \"lng\" : -8.604672899999999\n                     },\n                     \"travel_mode\" : \"DRIVING\"\n                  },\n                  {\n                     \"distance\" : {\n                        \"text\" : \"0.4 km\",\n                        \"value\" : 439\n                     },\n                     \"duration\" : {\n                        \"text\" : \"2 mins\",\n                        \"value\" : 96\n                     },\n                     \"end_location\" : {\n                        \"lat\" : 41.1536487,\n                        \"lng\" : -8.6099195\n                     },\n                     \"html_instructions\" : \"\\u003cb\\u003eRua de Santa Catarina\\u003c/b\\u003e turns \\u003cb\\u003eright\\u003c/b\\u003e and becomes \\u003cb\\u003eRua de Gon\xC3\xA7alo Crist\xC3\xB3v\xC3\xA3o\\u003c/b\\u003e\",\n                     \"polyline\" : {\n                        \"points\" : \"cydzFpros@DDBBBD@F?xAGvDEzH?P?p@EfFAbA?v@\"\n                     },\n                     \"start_location\" : {\n                        \"lat\" : 41.153625,\n                        \"lng\" : -8.604726899999999\n                     },\n                     \"travel_mode\" : \"DRIVING\"\n                  },\n                  {\n                     \"distance\" : {\n                        \"text\" : \"0.2 km\",\n                        \"value\" : 207\n                     },\n                     \"duration\" : {\n                        \"text\" : \"1 min\",\n                        \"value\" : 39\n                     },\n                     \"end_location\" : {\n                        \"lat\" : 41.1518971,\n                        \"lng\" : -8.6101276\n                     },\n                     \"html_instructions\" : \"Turn \\u003cb\\u003eleft\\u003c/b\\u003e onto \\u003cb\\u003eRua de Cam\xC3\xB5es\\u003c/b\\u003e\",\n                     \"maneuver\" : \"turn-left\",\n                     \"polyline\" : {\n                        \"points\" : \"iydzF~rps@?RH?@?L?@?l@@JAB?HEhE?n@Z\"\n                     },\n                     \"start_location\" : {\n                        \"lat\" : 41.1536487,\n                        \"lng\" : -8.6099195\n                     },\n                     \"travel_mode\" : \"DRIVING\"\n                  },\n                  {\n                     \"distance\" : {\n                        \"text\" : \"0.1 km\",\n                        \"value\" : 130\n                     },\n                     \"duration\" : {\n                        \"text\" : \"1 min\",\n                        \"value\" : 21\n                     },\n                     \"end_location\" : {\n                        \"lat\" : 41.1508591,\n                        \"lng\" : -8.610844799999999\n                     },\n                     \"html_instructions\" : \"Continue onto \\u003cb\\u003eR. dos Her\xC3\xB3is e dos M\xC3\xA1rtires de Angola\\u003c/b\\u003e\",\n                     \"polyline\" : {\n                        \"points\" : \"kndzFhtps@nElC\"\n                     },\n                     \"start_location\" : {\n                        \"lat\" : 41.1518971,\n                        \"lng\" : -8.6101276\n                     },\n                     \"travel_mode\" : \"DRIVING\"\n                  },\n                  {\n                     \"distance\" : {\n                        \"text\" : \"0.1 km\",\n                        \"value\" : 125\n                     },\n                     \"duration\" : {\n                        \"text\" : \"1 min\",\n                        \"value\" : 19\n                     },\n                     \"end_location\" : {\n                        \"lat\" : 41.1498047,\n                        \"lng\" : -8.6112436\n                     },\n                     \"html_instructions\" : \"\\u003cb\\u003eR. dos Her\xC3\xB3is e dos M\xC3\xA1rtires de Angola\\u003c/b\\u003e turns slightly \\u003cb\\u003eleft\\u003c/b\\u003e and becomes \\u003cb\\u003eR. Clube dos Fenianos\\u003c/b\\u003e\",\n                     \"polyline\" : {\n                        \"points\" : \"{gdzFvxps@j@AH?b@DhAr@n@V\"\n                     },\n                     \"start_location\" : {\n                        \"lat\" : 41.1508591,\n                        \"lng\" : -8.610844799999999\n                     },\n                     \"travel_mode\" : \"DRIVING\"\n                  },\n                  {\n                     \"distance\" : {\n                        \"text\" : \"0.3 km\",\n                        \"value\" : 324\n                     },\n                     \"duration\" : {\n                        \"text\" : \"1 min\",\n                        \"value\" : 61\n                     },\n                     \"end_location\" : {\n                        \"lat\" : 41.1469058,\n                        \"lng\" : -8.611461199999999\n                     },\n                     \"html_instructions\" : \"\\u003cb\\u003eR. Clube dos Fenianos\\u003c/b\\u003e turns slightly \\u003cb\\u003eleft\\u003c/b\\u003e and becomes \\u003cb\\u003eAv. dos Aliados\\u003c/b\\u003e\",\n                     \"polyline\" : {\n                        \"points\" : \"gadzFf{ps@lAAVEh@Av@Bh@@`@@l@?x@FfD`@\\\\B\"\n                     },\n                     \"start_location\" : {\n                        \"lat\" : 41.1498047,\n                        \"lng\" : -8.6112436\n                     },\n                     \"travel_mode\" : \"DRIVING\"\n                  },\n                  {\n                     \"distance\" : {\n                        \"text\" : \"0.1 km\",\n                        \"value\" : 95\n                     },\n                     \"duration\" : {\n                        \"text\" : \"1 min\",\n                        \"value\" : 27\n                     },\n                     \"end_location\" : {\n                        \"lat\" : 41.1460554,\n                        \"lng\" : -8.611595099999999\n                     },\n                     \"html_instructions\" : \"Continue onto \\u003cb\\u003ePra\xC3\xA7a da Liberdade\\u003c/b\\u003e\",\n                     \"polyline\" : {\n                        \"points\" : \"eoczFr|ps@^BhCV\"\n                     },\n                     \"start_location\" : {\n                        \"lat\" : 41.1469058,\n                        \"lng\" : -8.611461199999999\n                     },\n                     \"travel_mode\" : \"DRIVING\"\n                  },\n                  {\n                     \"distance\" : {\n                        \"text\" : \"68 m\",\n                        \"value\" : 68\n                     },\n                     \"duration\" : {\n                        \"text\" : \"1 min\",\n                        \"value\" : 20\n                     },\n                     \"end_location\" : {\n                        \"lat\" : 41.14608990000001,\n                        \"lng\" : -8.6107896\n                     },\n                     \"html_instructions\" : \"Turn \\u003cb\\u003eleft\\u003c/b\\u003e to stay on \\u003cb\\u003ePra\xC3\xA7a da Liberdade\\u003c/b\\u003e\",\n                     \"maneuver\" : \"turn-left\",\n                     \"polyline\" : {\n                        \"points\" : \"{iczFn}ps@C}@AcB\"\n                     },\n                     \"start_location\" : {\n                        \"lat\" : 41.1460554,\n                        \"lng\" : -8.611595099999999\n                     },\n                     \"travel_mode\" : \"DRIVING\"\n                  },\n                  {\n                     \"distance\" : {\n                        \"text\" : \"0.1 km\",\n                        \"value\" : 109\n                     },\n                     \"duration\" : {\n                        \"text\" : \"1 min\",\n                        \"value\" : 30\n                     },\n                     \"end_location\" : {\n                        \"lat\" : 41.14511419999999,\n                        \"lng\" : -8.6108818\n                     },\n                     \"html_instructions\" : \"Turn \\u003cb\\u003eright\\u003c/b\\u003e onto \\u003cb\\u003ePra\xC3\xA7a de Almeida Garrett\\u003c/b\\u003e\",\n                     \"maneuver\" : \"turn-right\",\n                     \"polyline\" : {\n                        \"points\" : \"ajczFlxps@v@@J@xAJP@R?\"\n                     },\n                     \"start_location\" : {\n                        \"lat\" : 41.14608990000001,\n                        \"lng\" : -8.6107896\n                     },\n                     \"travel_mode\" : \"DRIVING\"\n                  },\n                  {\n                     \"distance\" : {\n                        \"text\" : \"0.4 km\",\n                        \"value\" : 382\n                     },\n                     \"duration\" : {\n                        \"text\" : \"1 min\",\n                        \"value\" : 74\n                     },\n                     \"end_location\" : {\n                        \"lat\" : 41.1427499,\n                        \"lng\" : -8.614151999999999\n                     },\n                     \"html_instructions\" : \"Turn \\u003cb\\u003eright\\u003c/b\\u003e onto \\u003cb\\u003eR. de Mouzinho da Silveira\\u003c/b\\u003e\",\n                     \"maneuver\" : \"turn-right\",\n                     \"polyline\" : {\n                        \"points\" : \"}cczF~xps@?J@D?B@B?@@@?@@B@B@@FH`AnATZv@vADFxCnErBzCJNHHHF\"\n                     },\n                     \"start_location\" : {\n                        \"lat\" : 41.14511419999999,\n                        \"lng\" : -8.6108818\n                     },\n                     \"travel_mode\" : \"DRIVING\"\n                  },\n                  {\n                     \"distance\" : {\n                        \"text\" : \"0.1 km\",\n                        \"value\" : 102\n                     },\n                     \"duration\" : {\n                        \"text\" : \"1 min\",\n                        \"value\" : 28\n                     },\n                     \"end_location\" : {\n                        \"lat\" : 41.14280309999999,\n                        \"lng\" : -8.6152666\n                     },\n                     \"html_instructions\" : \"Turn \\u003cb\\u003eright\\u003c/b\\u003e onto \\u003cb\\u003eLargo S\xC3\xA3o Domingos\\u003c/b\\u003e\",\n                     \"maneuver\" : \"turn-right\",\n                     \"polyline\" : {\n                        \"points\" : \"eubzFlmqs@WvAM^FJFND\\\\Dl@\"\n                     },\n                     \"start_location\" : {\n                        \"lat\" : 41.1427499,\n                        \"lng\" : -8.614151999999999\n                     },\n                     \"travel_mode\" : \"DRIVING\"\n                  },\n                  {\n                     \"distance\" : {\n                        \"text\" : \"68 m\",\n                        \"value\" : 68\n                     },\n                     \"duration\" : {\n                        \"text\" : \"1 min\",\n                        \"value\" : 18\n                     },\n                     \"end_location\" : {\n                        \"lat\" : 41.1421912,\n                        \"lng\" : -8.6152616\n                     },\n                     \"html_instructions\" : \"Turn \\u003cb\\u003eleft\\u003c/b\\u003e onto \\u003cb\\u003eR. de Ferreira Borges\\u003c/b\\u003e\\u003cdiv style=\\\"font-size:0.9em\\\"\\u003eDestination will be on the left\\u003c/div\\u003e\",\n                     \"maneuver\" : \"turn-left\",\n                     \"polyline\" : {\n                        \"points\" : \"oubzFltqs@t@AbA?\"\n                     },\n                     \"start_location\" : {\n                        \"lat\" : 41.14280309999999,\n                        \"lng\" : -8.6152666\n                     },\n                     \"travel_mode\" : \"DRIVING\"\n                  }\n               ],\n               \"traffic_speed_entry\" : [],\n               \"via_waypoint\" : []\n            }\n         ],\n         \"overview_polyline\" : {\n            \"points\" : \"{xgzFjzls@hD`H|CjHTp@T~@pE~Tf@xBL`@T\\\\f@F`@LlEvA`PtEzH|BjJrC~NjE|DtAk@fIpFJHHDLGpGKfRAzB?RH?N?n@@NAHEhE?n@ZnElCt@Ab@DhAr@n@VlAAVEh@A`BDnA@x@FfD`@|@FhCVC}@AcBv@@dBLd@@@PBJDJhAxAlArB~GbKRPWvAM^NZJjAxBA\"\n         },\n         \"summary\" : \"Rua da Alegria\",\n         \"warnings\" : [],\n         \"waypoint_order\" : []\n      }\n   ],\n   \"status\" : \"OK\"\n}\n"):
  app/controllers/directions_controller.rb:13:in `index'


  Rendered /Users/luisdias/.rvm/gems/ruby-2.3.1/gems/actionpack-4.2.6/lib/action_dispatch/middleware/templates/rescues/_source.erb (3.6ms)
  Rendered /Users/luisdias/.rvm/gems/ruby-2.3.1/gems/actionpack-4.2.6/lib/action_dispatch/middleware/templates/rescues/_trace.html.erb (1.7ms)
  Rendered /Users/luisdias/.rvm/gems/ruby-2.3.1/gems/actionpack-4.2.6/lib/action_dispatch/middleware/templates/rescues/_request_and_response.html.erb (1.4ms)
  Rendered /Users/luisdias/.rvm/gems/ruby-2.3.1/gems/actionpack-4.2.6/lib/action_dispatch/middleware/templates/rescues/diagnostics.html.erb within rescues/layout (60.8ms)
  Rendered /Users/luisdias/.rvm/gems/ruby-2.3.1/gems/web-console-2.3.0/lib/web_console/templates/_markup.html.erb (0.5ms)
  Rendered /Users/luisdias/.rvm/gems/ruby-2.3.1/gems/web-console-2.3.0/lib/web_console/templates/_inner_console_markup.html.erb within layouts/inlined_string (0.3ms)
  Rendered /Users/luisdias/.rvm/gems/ruby-2.3.1/gems/web-console-2.3.0/lib/web_console/templates/_prompt_box_markup.html.erb within layouts/inlined_string (0.3ms)
  Rendered /Users/luisdias/.rvm/gems/ruby-2.3.1/gems/web-console-2.3.0/lib/web_console/templates/style.css.erb within layouts/inlined_string (0.6ms)
  Rendered /Users/luisdias/.rvm/gems/ruby-2.3.1/gems/web-console-2.3.0/lib/web_console/templates/console.js.erb within layouts/javascript (51.1ms)
  Rendered /Users/luisdias/.rvm/gems/ruby-2.3.1/gems/web-console-2.3.0/lib/web_console/templates/main.js.erb within layouts/javascript (0.4ms)
  Rendered /Users/luisdias/.rvm/gems/ruby-2.3.1/gems/web-console-2.3.0/lib/web_console/templates/error_page.js.erb within layouts/javascript (0.4ms)
  Rendered /Users/luisdias/.rvm/gems/ruby-2.3.1/gems/web-console-2.3.0/lib/web_console/templates/index.html.erb (120.5ms)


Started GET "/directions" for ::1 at 2016-05-27 23:28:26 +0100
Processing by DirectionsController#index as HTML
Completed 500 Internal Server Error in 153ms (ActiveRecord: 0.0ms)

Encoding::UndefinedConversionError ("\xE2" from ASCII-8BIT to UTF-8):
  app/controllers/directions_controller.rb:14:in `index'


  Rendered /Users/luisdias/.rvm/gems/ruby-2.3.1/gems/actionpack-4.2.6/lib/action_dispatch/middleware/templates/rescues/_source.erb (5.3ms)
  Rendered /Users/luisdias/.rvm/gems/ruby-2.3.1/gems/actionpack-4.2.6/lib/action_dispatch/middleware/templates/rescues/_trace.html.erb (2.0ms)
  Rendered /Users/luisdias/.rvm/gems/ruby-2.3.1/gems/actionpack-4.2.6/lib/action_dispatch/middleware/templates/rescues/_request_and_response.html.erb (0.8ms)
  Rendered /Users/luisdias/.rvm/gems/ruby-2.3.1/gems/actionpack-4.2.6/lib/action_dispatch/middleware/templates/rescues/diagnostics.html.erb within rescues/layout (47.8ms)
  Rendered /Users/luisdias/.rvm/gems/ruby-2.3.1/gems/web-console-2.3.0/lib/web_console/templates/_markup.html.erb (0.4ms)
  Rendered /Users/luisdias/.rvm/gems/ruby-2.3.1/gems/web-console-2.3.0/lib/web_console/templates/_inner_console_markup.html.erb within layouts/inlined_string (0.3ms)
  Rendered /Users/luisdias/.rvm/gems/ruby-2.3.1/gems/web-console-2.3.0/lib/web_console/templates/_prompt_box_markup.html.erb within layouts/inlined_string (0.3ms)
  Rendered /Users/luisdias/.rvm/gems/ruby-2.3.1/gems/web-console-2.3.0/lib/web_console/templates/style.css.erb within layouts/inlined_string (0.3ms)
  Rendered /Users/luisdias/.rvm/gems/ruby-2.3.1/gems/web-console-2.3.0/lib/web_console/templates/console.js.erb within layouts/javascript (37.3ms)
  Rendered /Users/luisdias/.rvm/gems/ruby-2.3.1/gems/web-console-2.3.0/lib/web_console/templates/main.js.erb within layouts/javascript (0.3ms)
  Rendered /Users/luisdias/.rvm/gems/ruby-2.3.1/gems/web-console-2.3.0/lib/web_console/templates/error_page.js.erb within layouts/javascript (0.5ms)
  Rendered /Users/luisdias/.rvm/gems/ruby-2.3.1/gems/web-console-2.3.0/lib/web_console/templates/index.html.erb (86.0ms)


Started GET "/directions" for ::1 at 2016-05-27 23:28:35 +0100

SyntaxError (/Users/luisdias/Documents/dev/HACKACITY/velocity/app/controllers/directions_controller.rb:14: syntax error, unexpected '}', expecting =>):
  app/controllers/directions_controller.rb:14: syntax error, unexpected '}', expecting =>


  Rendered /Users/luisdias/.rvm/gems/ruby-2.3.1/gems/actionpack-4.2.6/lib/action_dispatch/middleware/templates/rescues/_source.erb (3.2ms)
  Rendered /Users/luisdias/.rvm/gems/ruby-2.3.1/gems/actionpack-4.2.6/lib/action_dispatch/middleware/templates/rescues/_trace.html.erb (1.7ms)
  Rendered /Users/luisdias/.rvm/gems/ruby-2.3.1/gems/actionpack-4.2.6/lib/action_dispatch/middleware/templates/rescues/_request_and_response.html.erb (1.2ms)
  Rendered /Users/luisdias/.rvm/gems/ruby-2.3.1/gems/actionpack-4.2.6/lib/action_dispatch/middleware/templates/rescues/diagnostics.html.erb within rescues/layout (44.8ms)
  Rendered /Users/luisdias/.rvm/gems/ruby-2.3.1/gems/web-console-2.3.0/lib/web_console/templates/_markup.html.erb (0.3ms)
  Rendered /Users/luisdias/.rvm/gems/ruby-2.3.1/gems/web-console-2.3.0/lib/web_console/templates/_inner_console_markup.html.erb within layouts/inlined_string (0.3ms)
  Rendered /Users/luisdias/.rvm/gems/ruby-2.3.1/gems/web-console-2.3.0/lib/web_console/templates/_prompt_box_markup.html.erb within layouts/inlined_string (0.3ms)
  Rendered /Users/luisdias/.rvm/gems/ruby-2.3.1/gems/web-console-2.3.0/lib/web_console/templates/style.css.erb within layouts/inlined_string (0.3ms)
  Rendered /Users/luisdias/.rvm/gems/ruby-2.3.1/gems/web-console-2.3.0/lib/web_console/templates/console.js.erb within layouts/javascript (37.8ms)
  Rendered /Users/luisdias/.rvm/gems/ruby-2.3.1/gems/web-console-2.3.0/lib/web_console/templates/main.js.erb within layouts/javascript (0.3ms)
  Rendered /Users/luisdias/.rvm/gems/ruby-2.3.1/gems/web-console-2.3.0/lib/web_console/templates/error_page.js.erb within layouts/javascript (0.3ms)
  Rendered /Users/luisdias/.rvm/gems/ruby-2.3.1/gems/web-console-2.3.0/lib/web_console/templates/index.html.erb (84.2ms)


Started GET "/directions" for ::1 at 2016-05-27 23:28:41 +0100
Processing by DirectionsController#index as HTML
Completed 200 OK in 115ms (Views: 0.2ms | ActiveRecord: 0.0ms)


Started GET "/directions" for ::1 at 2016-05-27 23:29:00 +0100
Processing by DirectionsController#index as HTML
Completed 200 OK in 201ms (Views: 0.2ms | ActiveRecord: 0.0ms)


Started GET "/directions" for ::1 at 2016-05-27 23:29:02 +0100
Processing by DirectionsController#index as HTML
Completed 200 OK in 104ms (Views: 0.1ms | ActiveRecord: 0.0ms)


Started GET "/directions" for ::1 at 2016-05-27 23:29:30 +0100
Processing by DirectionsController#index as HTML
Completed 200 OK in 171ms (Views: 0.1ms | ActiveRecord: 0.0ms)


Started GET "/directions" for ::1 at 2016-05-27 23:29:46 +0100
Processing by DirectionsController#index as HTML
Completed 500 Internal Server Error in 117ms (ActiveRecord: 0.0ms)

RuntimeError (<!DOCTYPE html>
<html lang=en>
  <meta charset=utf-8>
  <meta name=viewport content="initial-scale=1, minimum-scale=1, width=device-width">
  <title>Error 404 (Not Found)!!1</title>
  <style>
    *{margin:0;padding:0}html,code{font:15px/22px arial,sans-serif}html{background:#fff;color:#222;padding:15px}body{margin:7% auto 0;max-width:390px;min-height:180px;padding:30px 0 15px}* > body{background:url(//www.google.com/images/errors/robot.png) 100% 5px no-repeat;padding-right:205px}p{margin:11px 0 22px;overflow:hidden}ins{color:#777;text-decoration:none}a img{border:0}@media screen and (max-width:772px){body{background:none;margin-top:0;max-width:none;padding-right:0}}#logo{background:url(//www.google.com/images/branding/googlelogo/1x/googlelogo_color_150x54dp.png) no-repeat;margin-left:-5px}@media only screen and (min-resolution:192dpi){#logo{background:url(//www.google.com/images/branding/googlelogo/2x/googlelogo_color_150x54dp.png) no-repeat 0% 0%/100% 100%;-moz-border-image:url(//www.google.com/images/branding/googlelogo/2x/googlelogo_color_150x54dp.png) 0}}@media only screen and (-webkit-min-device-pixel-ratio:2){#logo{background:url(//www.google.com/images/branding/googlelogo/2x/googlelogo_color_150x54dp.png) no-repeat;-webkit-background-size:100% 100%}}#logo{display:inline-block;height:54px;width:150px}
  </style>
  <a href=//www.google.com/><span id=logo aria-label=Google></span></a>
  <p><b>404.</b> <ins>That’s an error.</ins>
  <p>The requested URL <code>/directions/json?destination=41.142192%2C-8.614955&amp;key=AIzaSyDrYo3wJqcRthZNCdYR4bBYdaI6u4DL_Kc&amp;mode=driving&amp;origin=41.168936%2C-8.590617</code> was not found on this server.  <ins>That’s all we know.</ins>
):
  app/controllers/directions_controller.rb:13:in `index'


  Rendered /Users/luisdias/.rvm/gems/ruby-2.3.1/gems/actionpack-4.2.6/lib/action_dispatch/middleware/templates/rescues/_source.erb (6.0ms)
  Rendered /Users/luisdias/.rvm/gems/ruby-2.3.1/gems/actionpack-4.2.6/lib/action_dispatch/middleware/templates/rescues/_trace.html.erb (1.8ms)
  Rendered /Users/luisdias/.rvm/gems/ruby-2.3.1/gems/actionpack-4.2.6/lib/action_dispatch/middleware/templates/rescues/_request_and_response.html.erb (0.8ms)
  Rendered /Users/luisdias/.rvm/gems/ruby-2.3.1/gems/actionpack-4.2.6/lib/action_dispatch/middleware/templates/rescues/diagnostics.html.erb within rescues/layout (49.9ms)
  Rendered /Users/luisdias/.rvm/gems/ruby-2.3.1/gems/web-console-2.3.0/lib/web_console/templates/_markup.html.erb (0.4ms)
  Rendered /Users/luisdias/.rvm/gems/ruby-2.3.1/gems/web-console-2.3.0/lib/web_console/templates/_inner_console_markup.html.erb within layouts/inlined_string (0.4ms)
  Rendered /Users/luisdias/.rvm/gems/ruby-2.3.1/gems/web-console-2.3.0/lib/web_console/templates/_prompt_box_markup.html.erb within layouts/inlined_string (0.3ms)
  Rendered /Users/luisdias/.rvm/gems/ruby-2.3.1/gems/web-console-2.3.0/lib/web_console/templates/style.css.erb within layouts/inlined_string (0.3ms)
  Rendered /Users/luisdias/.rvm/gems/ruby-2.3.1/gems/web-console-2.3.0/lib/web_console/templates/console.js.erb within layouts/javascript (40.0ms)
  Rendered /Users/luisdias/.rvm/gems/ruby-2.3.1/gems/web-console-2.3.0/lib/web_console/templates/main.js.erb within layouts/javascript (0.3ms)
  Rendered /Users/luisdias/.rvm/gems/ruby-2.3.1/gems/web-console-2.3.0/lib/web_console/templates/error_page.js.erb within layouts/javascript (0.5ms)
  Rendered /Users/luisdias/.rvm/gems/ruby-2.3.1/gems/web-console-2.3.0/lib/web_console/templates/index.html.erb (92.3ms)


Started GET "/directions" for ::1 at 2016-05-27 23:29:52 +0100
Processing by DirectionsController#index as HTML
Completed 500 Internal Server Error in 132ms (ActiveRecord: 0.0ms)

RuntimeError ("<!DOCTYPE html>\n<html lang=en>\n  <meta charset=utf-8>\n  <meta name=viewport content=\"initial-scale=1, minimum-scale=1, width=device-width\">\n  <title>Error 404 (Not Found)!!1</title>\n  <style>\n    *{margin:0;padding:0}html,code{font:15px/22px arial,sans-serif}html{background:#fff;color:#222;padding:15px}body{margin:7% auto 0;max-width:390px;min-height:180px;padding:30px 0 15px}* > body{background:url(//www.google.com/images/errors/robot.png) 100% 5px no-repeat;padding-right:205px}p{margin:11px 0 22px;overflow:hidden}ins{color:#777;text-decoration:none}a img{border:0}@media screen and (max-width:772px){body{background:none;margin-top:0;max-width:none;padding-right:0}}#logo{background:url(//www.google.com/images/branding/googlelogo/1x/googlelogo_color_150x54dp.png) no-repeat;margin-left:-5px}@media only screen and (min-resolution:192dpi){#logo{background:url(//www.google.com/images/branding/googlelogo/2x/googlelogo_color_150x54dp.png) no-repeat 0% 0%/100% 100%;-moz-border-image:url(//www.google.com/images/branding/googlelogo/2x/googlelogo_color_150x54dp.png) 0}}@media only screen and (-webkit-min-device-pixel-ratio:2){#logo{background:url(//www.google.com/images/branding/googlelogo/2x/googlelogo_color_150x54dp.png) no-repeat;-webkit-background-size:100% 100%}}#logo{display:inline-block;height:54px;width:150px}\n  </style>\n  <a href=//www.google.com/><span id=logo aria-label=Google></span></a>\n  <p><b>404.</b> <ins>That\xE2\x80\x99s an error.</ins>\n  <p>The requested URL <code>/directions/json?destination=41.142192%2C-8.614955&amp;key=AIzaSyDrYo3wJqcRthZNCdYR4bBYdaI6u4DL_Kc&amp;mode=driving&amp;origin=41.168936%2C-8.590617</code> was not found on this server.  <ins>That\xE2\x80\x99s all we know.</ins>\n"):
  app/controllers/directions_controller.rb:13:in `index'


  Rendered /Users/luisdias/.rvm/gems/ruby-2.3.1/gems/actionpack-4.2.6/lib/action_dispatch/middleware/templates/rescues/_source.erb (5.8ms)
  Rendered /Users/luisdias/.rvm/gems/ruby-2.3.1/gems/actionpack-4.2.6/lib/action_dispatch/middleware/templates/rescues/_trace.html.erb (1.8ms)
  Rendered /Users/luisdias/.rvm/gems/ruby-2.3.1/gems/actionpack-4.2.6/lib/action_dispatch/middleware/templates/rescues/_request_and_response.html.erb (0.9ms)
  Rendered /Users/luisdias/.rvm/gems/ruby-2.3.1/gems/actionpack-4.2.6/lib/action_dispatch/middleware/templates/rescues/diagnostics.html.erb within rescues/layout (59.4ms)
  Rendered /Users/luisdias/.rvm/gems/ruby-2.3.1/gems/web-console-2.3.0/lib/web_console/templates/_markup.html.erb (0.4ms)
  Rendered /Users/luisdias/.rvm/gems/ruby-2.3.1/gems/web-console-2.3.0/lib/web_console/templates/_inner_console_markup.html.erb within layouts/inlined_string (0.3ms)
  Rendered /Users/luisdias/.rvm/gems/ruby-2.3.1/gems/web-console-2.3.0/lib/web_console/templates/_prompt_box_markup.html.erb within layouts/inlined_string (0.3ms)
  Rendered /Users/luisdias/.rvm/gems/ruby-2.3.1/gems/web-console-2.3.0/lib/web_console/templates/style.css.erb within layouts/inlined_string (0.3ms)
  Rendered /Users/luisdias/.rvm/gems/ruby-2.3.1/gems/web-console-2.3.0/lib/web_console/templates/console.js.erb within layouts/javascript (39.2ms)
  Rendered /Users/luisdias/.rvm/gems/ruby-2.3.1/gems/web-console-2.3.0/lib/web_console/templates/main.js.erb within layouts/javascript (0.3ms)
  Rendered /Users/luisdias/.rvm/gems/ruby-2.3.1/gems/web-console-2.3.0/lib/web_console/templates/error_page.js.erb within layouts/javascript (0.4ms)
  Rendered /Users/luisdias/.rvm/gems/ruby-2.3.1/gems/web-console-2.3.0/lib/web_console/templates/index.html.erb (85.4ms)


Started GET "/directions" for ::1 at 2016-05-27 23:29:54 +0100
Processing by DirectionsController#index as HTML
Completed 500 Internal Server Error in 109ms (ActiveRecord: 0.0ms)

RuntimeError ("<!DOCTYPE html>\n<html lang=en>\n  <meta charset=utf-8>\n  <meta name=viewport content=\"initial-scale=1, minimum-scale=1, width=device-width\">\n  <title>Error 404 (Not Found)!!1</title>\n  <style>\n    *{margin:0;padding:0}html,code{font:15px/22px arial,sans-serif}html{background:#fff;color:#222;padding:15px}body{margin:7% auto 0;max-width:390px;min-height:180px;padding:30px 0 15px}* > body{background:url(//www.google.com/images/errors/robot.png) 100% 5px no-repeat;padding-right:205px}p{margin:11px 0 22px;overflow:hidden}ins{color:#777;text-decoration:none}a img{border:0}@media screen and (max-width:772px){body{background:none;margin-top:0;max-width:none;padding-right:0}}#logo{background:url(//www.google.com/images/branding/googlelogo/1x/googlelogo_color_150x54dp.png) no-repeat;margin-left:-5px}@media only screen and (min-resolution:192dpi){#logo{background:url(//www.google.com/images/branding/googlelogo/2x/googlelogo_color_150x54dp.png) no-repeat 0% 0%/100% 100%;-moz-border-image:url(//www.google.com/images/branding/googlelogo/2x/googlelogo_color_150x54dp.png) 0}}@media only screen and (-webkit-min-device-pixel-ratio:2){#logo{background:url(//www.google.com/images/branding/googlelogo/2x/googlelogo_color_150x54dp.png) no-repeat;-webkit-background-size:100% 100%}}#logo{display:inline-block;height:54px;width:150px}\n  </style>\n  <a href=//www.google.com/><span id=logo aria-label=Google></span></a>\n  <p><b>404.</b> <ins>That\xE2\x80\x99s an error.</ins>\n  <p>The requested URL <code>/directions/json?destination=41.142192%2C-8.614955&amp;key=AIzaSyDrYo3wJqcRthZNCdYR4bBYdaI6u4DL_Kc&amp;mode=driving&amp;origin=41.168936%2C-8.590617</code> was not found on this server.  <ins>That\xE2\x80\x99s all we know.</ins>\n"):
  app/controllers/directions_controller.rb:13:in `index'


  Rendered /Users/luisdias/.rvm/gems/ruby-2.3.1/gems/actionpack-4.2.6/lib/action_dispatch/middleware/templates/rescues/_source.erb (3.5ms)
  Rendered /Users/luisdias/.rvm/gems/ruby-2.3.1/gems/actionpack-4.2.6/lib/action_dispatch/middleware/templates/rescues/_trace.html.erb (1.8ms)
  Rendered /Users/luisdias/.rvm/gems/ruby-2.3.1/gems/actionpack-4.2.6/lib/action_dispatch/middleware/templates/rescues/_request_and_response.html.erb (1.2ms)
  Rendered /Users/luisdias/.rvm/gems/ruby-2.3.1/gems/actionpack-4.2.6/lib/action_dispatch/middleware/templates/rescues/diagnostics.html.erb within rescues/layout (46.4ms)
  Rendered /Users/luisdias/.rvm/gems/ruby-2.3.1/gems/web-console-2.3.0/lib/web_console/templates/_markup.html.erb (0.4ms)
  Rendered /Users/luisdias/.rvm/gems/ruby-2.3.1/gems/web-console-2.3.0/lib/web_console/templates/_inner_console_markup.html.erb within layouts/inlined_string (0.3ms)
  Rendered /Users/luisdias/.rvm/gems/ruby-2.3.1/gems/web-console-2.3.0/lib/web_console/templates/_prompt_box_markup.html.erb within layouts/inlined_string (0.3ms)
  Rendered /Users/luisdias/.rvm/gems/ruby-2.3.1/gems/web-console-2.3.0/lib/web_console/templates/style.css.erb within layouts/inlined_string (0.3ms)
  Rendered /Users/luisdias/.rvm/gems/ruby-2.3.1/gems/web-console-2.3.0/lib/web_console/templates/console.js.erb within layouts/javascript (39.0ms)
  Rendered /Users/luisdias/.rvm/gems/ruby-2.3.1/gems/web-console-2.3.0/lib/web_console/templates/main.js.erb within layouts/javascript (0.3ms)
  Rendered /Users/luisdias/.rvm/gems/ruby-2.3.1/gems/web-console-2.3.0/lib/web_console/templates/error_page.js.erb within layouts/javascript (0.3ms)
  Rendered /Users/luisdias/.rvm/gems/ruby-2.3.1/gems/web-console-2.3.0/lib/web_console/templates/index.html.erb (84.3ms)


Started GET "/directions" for ::1 at 2016-05-27 23:29:55 +0100
Processing by DirectionsController#index as HTML
Completed 500 Internal Server Error in 119ms (ActiveRecord: 0.0ms)

RuntimeError ("<!DOCTYPE html>\n<html lang=en>\n  <meta charset=utf-8>\n  <meta name=viewport content=\"initial-scale=1, minimum-scale=1, width=device-width\">\n  <title>Error 404 (Not Found)!!1</title>\n  <style>\n    *{margin:0;padding:0}html,code{font:15px/22px arial,sans-serif}html{background:#fff;color:#222;padding:15px}body{margin:7% auto 0;max-width:390px;min-height:180px;padding:30px 0 15px}* > body{background:url(//www.google.com/images/errors/robot.png) 100% 5px no-repeat;padding-right:205px}p{margin:11px 0 22px;overflow:hidden}ins{color:#777;text-decoration:none}a img{border:0}@media screen and (max-width:772px){body{background:none;margin-top:0;max-width:none;padding-right:0}}#logo{background:url(//www.google.com/images/branding/googlelogo/1x/googlelogo_color_150x54dp.png) no-repeat;margin-left:-5px}@media only screen and (min-resolution:192dpi){#logo{background:url(//www.google.com/images/branding/googlelogo/2x/googlelogo_color_150x54dp.png) no-repeat 0% 0%/100% 100%;-moz-border-image:url(//www.google.com/images/branding/googlelogo/2x/googlelogo_color_150x54dp.png) 0}}@media only screen and (-webkit-min-device-pixel-ratio:2){#logo{background:url(//www.google.com/images/branding/googlelogo/2x/googlelogo_color_150x54dp.png) no-repeat;-webkit-background-size:100% 100%}}#logo{display:inline-block;height:54px;width:150px}\n  </style>\n  <a href=//www.google.com/><span id=logo aria-label=Google></span></a>\n  <p><b>404.</b> <ins>That\xE2\x80\x99s an error.</ins>\n  <p>The requested URL <code>/directions/json?destination=41.142192%2C-8.614955&amp;key=AIzaSyDrYo3wJqcRthZNCdYR4bBYdaI6u4DL_Kc&amp;mode=driving&amp;origin=41.168936%2C-8.590617</code> was not found on this server.  <ins>That\xE2\x80\x99s all we know.</ins>\n"):
  app/controllers/directions_controller.rb:13:in `index'


  Rendered /Users/luisdias/.rvm/gems/ruby-2.3.1/gems/actionpack-4.2.6/lib/action_dispatch/middleware/templates/rescues/_source.erb (3.9ms)
  Rendered /Users/luisdias/.rvm/gems/ruby-2.3.1/gems/actionpack-4.2.6/lib/action_dispatch/middleware/templates/rescues/_trace.html.erb (1.8ms)
  Rendered /Users/luisdias/.rvm/gems/ruby-2.3.1/gems/actionpack-4.2.6/lib/action_dispatch/middleware/templates/rescues/_request_and_response.html.erb (1.7ms)
  Rendered /Users/luisdias/.rvm/gems/ruby-2.3.1/gems/actionpack-4.2.6/lib/action_dispatch/middleware/templates/rescues/diagnostics.html.erb within rescues/layout (47.6ms)
  Rendered /Users/luisdias/.rvm/gems/ruby-2.3.1/gems/web-console-2.3.0/lib/web_console/templates/_markup.html.erb (0.4ms)
  Rendered /Users/luisdias/.rvm/gems/ruby-2.3.1/gems/web-console-2.3.0/lib/web_console/templates/_inner_console_markup.html.erb within layouts/inlined_string (0.3ms)
  Rendered /Users/luisdias/.rvm/gems/ruby-2.3.1/gems/web-console-2.3.0/lib/web_console/templates/_prompt_box_markup.html.erb within layouts/inlined_string (0.3ms)
  Rendered /Users/luisdias/.rvm/gems/ruby-2.3.1/gems/web-console-2.3.0/lib/web_console/templates/style.css.erb within layouts/inlined_string (0.4ms)
  Rendered /Users/luisdias/.rvm/gems/ruby-2.3.1/gems/web-console-2.3.0/lib/web_console/templates/console.js.erb within layouts/javascript (40.9ms)
  Rendered /Users/luisdias/.rvm/gems/ruby-2.3.1/gems/web-console-2.3.0/lib/web_console/templates/main.js.erb within layouts/javascript (0.3ms)
  Rendered /Users/luisdias/.rvm/gems/ruby-2.3.1/gems/web-console-2.3.0/lib/web_console/templates/error_page.js.erb within layouts/javascript (0.4ms)
  Rendered /Users/luisdias/.rvm/gems/ruby-2.3.1/gems/web-console-2.3.0/lib/web_console/templates/index.html.erb (87.3ms)


Started GET "/directions" for ::1 at 2016-05-27 23:29:56 +0100
Processing by DirectionsController#index as HTML
Completed 500 Internal Server Error in 191ms (ActiveRecord: 0.0ms)

RuntimeError ("<!DOCTYPE html>\n<html lang=en>\n  <meta charset=utf-8>\n  <meta name=viewport content=\"initial-scale=1, minimum-scale=1, width=device-width\">\n  <title>Error 404 (Not Found)!!1</title>\n  <style>\n    *{margin:0;padding:0}html,code{font:15px/22px arial,sans-serif}html{background:#fff;color:#222;padding:15px}body{margin:7% auto 0;max-width:390px;min-height:180px;padding:30px 0 15px}* > body{background:url(//www.google.com/images/errors/robot.png) 100% 5px no-repeat;padding-right:205px}p{margin:11px 0 22px;overflow:hidden}ins{color:#777;text-decoration:none}a img{border:0}@media screen and (max-width:772px){body{background:none;margin-top:0;max-width:none;padding-right:0}}#logo{background:url(//www.google.com/images/branding/googlelogo/1x/googlelogo_color_150x54dp.png) no-repeat;margin-left:-5px}@media only screen and (min-resolution:192dpi){#logo{background:url(//www.google.com/images/branding/googlelogo/2x/googlelogo_color_150x54dp.png) no-repeat 0% 0%/100% 100%;-moz-border-image:url(//www.google.com/images/branding/googlelogo/2x/googlelogo_color_150x54dp.png) 0}}@media only screen and (-webkit-min-device-pixel-ratio:2){#logo{background:url(//www.google.com/images/branding/googlelogo/2x/googlelogo_color_150x54dp.png) no-repeat;-webkit-background-size:100% 100%}}#logo{display:inline-block;height:54px;width:150px}\n  </style>\n  <a href=//www.google.com/><span id=logo aria-label=Google></span></a>\n  <p><b>404.</b> <ins>That\xE2\x80\x99s an error.</ins>\n  <p>The requested URL <code>/directions/json?destination=41.142192%2C-8.614955&amp;key=AIzaSyDrYo3wJqcRthZNCdYR4bBYdaI6u4DL_Kc&amp;mode=driving&amp;origin=41.168936%2C-8.590617</code> was not found on this server.  <ins>That\xE2\x80\x99s all we know.</ins>\n"):
  app/controllers/directions_controller.rb:13:in `index'


  Rendered /Users/luisdias/.rvm/gems/ruby-2.3.1/gems/actionpack-4.2.6/lib/action_dispatch/middleware/templates/rescues/_source.erb (6.9ms)
  Rendered /Users/luisdias/.rvm/gems/ruby-2.3.1/gems/actionpack-4.2.6/lib/action_dispatch/middleware/templates/rescues/_trace.html.erb (1.7ms)
  Rendered /Users/luisdias/.rvm/gems/ruby-2.3.1/gems/actionpack-4.2.6/lib/action_dispatch/middleware/templates/rescues/_request_and_response.html.erb (0.8ms)
  Rendered /Users/luisdias/.rvm/gems/ruby-2.3.1/gems/actionpack-4.2.6/lib/action_dispatch/middleware/templates/rescues/diagnostics.html.erb within rescues/layout (47.8ms)
  Rendered /Users/luisdias/.rvm/gems/ruby-2.3.1/gems/web-console-2.3.0/lib/web_console/templates/_markup.html.erb (0.5ms)
  Rendered /Users/luisdias/.rvm/gems/ruby-2.3.1/gems/web-console-2.3.0/lib/web_console/templates/_inner_console_markup.html.erb within layouts/inlined_string (0.3ms)
  Rendered /Users/luisdias/.rvm/gems/ruby-2.3.1/gems/web-console-2.3.0/lib/web_console/templates/_prompt_box_markup.html.erb within layouts/inlined_string (0.3ms)
  Rendered /Users/luisdias/.rvm/gems/ruby-2.3.1/gems/web-console-2.3.0/lib/web_console/templates/style.css.erb within layouts/inlined_string (0.4ms)
  Rendered /Users/luisdias/.rvm/gems/ruby-2.3.1/gems/web-console-2.3.0/lib/web_console/templates/console.js.erb within layouts/javascript (47.3ms)
  Rendered /Users/luisdias/.rvm/gems/ruby-2.3.1/gems/web-console-2.3.0/lib/web_console/templates/main.js.erb within layouts/javascript (0.3ms)
  Rendered /Users/luisdias/.rvm/gems/ruby-2.3.1/gems/web-console-2.3.0/lib/web_console/templates/error_page.js.erb within layouts/javascript (0.4ms)
  Rendered /Users/luisdias/.rvm/gems/ruby-2.3.1/gems/web-console-2.3.0/lib/web_console/templates/index.html.erb (96.7ms)


Started GET "/directions" for ::1 at 2016-05-27 23:30:06 +0100
Processing by DirectionsController#index as HTML
Completed 500 Internal Server Error in 148ms (ActiveRecord: 0.0ms)

RuntimeError ("{\n   \"geocoded_waypoints\" : [\n      {\n         \"geocoder_status\" : \"OK\",\n         \"place_id\" : \"ChIJ6WyhT2ZkJA0RWPrrjha9irg\",\n         \"types\" : [ \"street_address\" ]\n      },\n      {\n         \"geocoder_status\" : \"OK\",\n         \"place_id\" : \"EjVSLiBkZSBGZXJyZWlyYSBCb3JnZXMgNDktNTcsIDQwNTAtMjUzIFBvcnRvLCBQb3J0dWdhbA\",\n         \"types\" : [ \"street_address\" ]\n      }\n   ],\n   \"routes\" : [\n      {\n         \"bounds\" : {\n            \"northeast\" : {\n               \"lat\" : 41.168936,\n               \"lng\" : -8.590617399999999\n            },\n            \"southwest\" : {\n               \"lat\" : 41.1421912,\n               \"lng\" : -8.6152666\n            }\n         },\n         \"copyrights\" : \"Map data \xC2\xA92016 Google\",\n         \"legs\" : [\n            {\n               \"distance\" : {\n                  \"text\" : \"4.4 km\",\n                  \"value\" : 4374\n               },\n               \"duration\" : {\n                  \"text\" : \"14 mins\",\n                  \"value\" : 840\n               },\n               \"end_address\" : \"R. de Ferreira Borges 49-57, 4050-253 Porto, Portugal\",\n               \"end_location\" : {\n                  \"lat\" : 41.1421912,\n                  \"lng\" : -8.6152616\n               },\n               \"start_address\" : \"R. do Rel\xC3\xB3gio 3, 4200-213 Porto, Portugal\",\n               \"start_location\" : {\n                  \"lat\" : 41.168936,\n                  \"lng\" : -8.590617399999999\n               },\n               \"steps\" : [\n                  {\n                     \"distance\" : {\n                        \"text\" : \"0.8 km\",\n                        \"value\" : 767\n                     },\n                     \"duration\" : {\n                        \"text\" : \"2 mins\",\n                        \"value\" : 120\n                     },\n                     \"end_location\" : {\n                        \"lat\" : 41.1656546,\n                        \"lng\" : -8.5985903\n                     },\n                     \"html_instructions\" : \"Head \\u003cb\\u003esouthwest\\u003c/b\\u003e on \\u003cb\\u003eRua de Costa Cabral\\u003c/b\\u003e toward \\u003cb\\u003eR. de Lu\xC3\xADs Woodhouse\\u003c/b\\u003e\",\n                     \"polyline\" : {\n                        \"points\" : \"{xgzFjzls@l@fAzBxEdCxFVp@JTHZDPNl@r@rDvA`Hn@bDTdAVhANn@L`@T\\\\\"\n                     },\n                     \"start_location\" : {\n                        \"lat\" : 41.168936,\n                        \"lng\" : -8.590617399999999\n                     },\n                     \"travel_mode\" : \"DRIVING\"\n                  },\n                  {\n                     \"distance\" : {\n                        \"text\" : \"1.3 km\",\n                        \"value\" : 1283\n                     },\n                     \"duration\" : {\n                        \"text\" : \"4 mins\",\n                        \"value\" : 228\n                     },\n                     \"end_location\" : {\n                        \"lat\" : 41.1546115,\n                        \"lng\" : -8.6030268\n                     },\n                     \"html_instructions\" : \"\\u003cb\\u003eRua de Costa Cabral\\u003c/b\\u003e turns \\u003cb\\u003eleft\\u003c/b\\u003e and becomes \\u003cb\\u003eRua da Alegria\\u003c/b\\u003e\",\n                     \"polyline\" : {\n                        \"points\" : \"idgzFdlns@N?VFRFLD^LtBp@ZHZLhElAd@NdD`AjCt@XH`HrB`Bh@hGhBtA`@bBf@zFdBhAZbA^xBt@\"\n                     },\n                     \"start_location\" : {\n                        \"lat\" : 41.1656546,\n                        \"lng\" : -8.5985903\n                     },\n                     \"travel_mode\" : \"DRIVING\"\n                  },\n                  {\n                     \"distance\" : {\n                        \"text\" : \"0.1 km\",\n                        \"value\" : 140\n                     },\n                     \"duration\" : {\n                        \"text\" : \"1 min\",\n                        \"value\" : 34\n                     },\n                     \"end_location\" : {\n                        \"lat\" : 41.1548344,\n                        \"lng\" : -8.604672899999999\n                     },\n                     \"html_instructions\" : \"Turn \\u003cb\\u003eright\\u003c/b\\u003e onto \\u003cb\\u003eR. da Escola Normal\\u003c/b\\u003e\",\n                     \"maneuver\" : \"turn-right\",\n                     \"polyline\" : {\n                        \"points\" : \"i_ezF|gos@e@`HEd@\"\n                     },\n                     \"start_location\" : {\n                        \"lat\" : 41.1546115,\n                        \"lng\" : -8.6030268\n                     },\n                     \"travel_mode\" : \"DRIVING\"\n                  },\n                  {\n                     \"distance\" : {\n                        \"text\" : \"0.1 km\",\n                        \"value\" : 135\n                     },\n                     \"duration\" : {\n                        \"text\" : \"1 min\",\n                        \"value\" : 25\n                     },\n                     \"end_location\" : {\n                        \"lat\" : 41.153625,\n                        \"lng\" : -8.604726899999999\n                     },\n                     \"html_instructions\" : \"Turn \\u003cb\\u003eleft\\u003c/b\\u003e onto \\u003cb\\u003eRua de Santa Catarina\\u003c/b\\u003e\",\n                     \"maneuver\" : \"turn-left\",\n                     \"polyline\" : {\n                        \"points\" : \"u`ezFdros@dFJJ?\"\n                     },\n                     \"start_location\" : {\n                        \"lat\" : 41.1548344,\n                        \"lng\" : -8.604672899999999\n                     },\n                     \"travel_mode\" : \"DRIVING\"\n                  },\n                  {\n                     \"distance\" : {\n                        \"text\" : \"0.4 km\",\n                        \"value\" : 439\n                     },\n                     \"duration\" : {\n                        \"text\" : \"2 mins\",\n                        \"value\" : 96\n                     },\n                     \"end_location\" : {\n                        \"lat\" : 41.1536487,\n                        \"lng\" : -8.6099195\n                     },\n                     \"html_instructions\" : \"\\u003cb\\u003eRua de Santa Catarina\\u003c/b\\u003e turns \\u003cb\\u003eright\\u003c/b\\u003e and becomes \\u003cb\\u003eRua de Gon\xC3\xA7alo Crist\xC3\xB3v\xC3\xA3o\\u003c/b\\u003e\",\n                     \"polyline\" : {\n                        \"points\" : \"cydzFpros@DDBBBD@F?xAGvDEzH?P?p@EfFAbA?v@\"\n                     },\n                     \"start_location\" : {\n                        \"lat\" : 41.153625,\n                        \"lng\" : -8.604726899999999\n                     },\n                     \"travel_mode\" : \"DRIVING\"\n                  },\n                  {\n                     \"distance\" : {\n                        \"text\" : \"0.2 km\",\n                        \"value\" : 207\n                     },\n                     \"duration\" : {\n                        \"text\" : \"1 min\",\n                        \"value\" : 39\n                     },\n                     \"end_location\" : {\n                        \"lat\" : 41.1518971,\n                        \"lng\" : -8.6101276\n                     },\n                     \"html_instructions\" : \"Turn \\u003cb\\u003eleft\\u003c/b\\u003e onto \\u003cb\\u003eRua de Cam\xC3\xB5es\\u003c/b\\u003e\",\n                     \"maneuver\" : \"turn-left\",\n                     \"polyline\" : {\n                        \"points\" : \"iydzF~rps@?RH?@?L?@?l@@JAB?HEhE?n@Z\"\n                     },\n                     \"start_location\" : {\n                        \"lat\" : 41.1536487,\n                        \"lng\" : -8.6099195\n                     },\n                     \"travel_mode\" : \"DRIVING\"\n                  },\n                  {\n                     \"distance\" : {\n                        \"text\" : \"0.1 km\",\n                        \"value\" : 130\n                     },\n                     \"duration\" : {\n                        \"text\" : \"1 min\",\n                        \"value\" : 21\n                     },\n                     \"end_location\" : {\n                        \"lat\" : 41.1508591,\n                        \"lng\" : -8.610844799999999\n                     },\n                     \"html_instructions\" : \"Continue onto \\u003cb\\u003eR. dos Her\xC3\xB3is e dos M\xC3\xA1rtires de Angola\\u003c/b\\u003e\",\n                     \"polyline\" : {\n                        \"points\" : \"kndzFhtps@nElC\"\n                     },\n                     \"start_location\" : {\n                        \"lat\" : 41.1518971,\n                        \"lng\" : -8.6101276\n                     },\n                     \"travel_mode\" : \"DRIVING\"\n                  },\n                  {\n                     \"distance\" : {\n                        \"text\" : \"0.1 km\",\n                        \"value\" : 125\n                     },\n                     \"duration\" : {\n                        \"text\" : \"1 min\",\n                        \"value\" : 19\n                     },\n                     \"end_location\" : {\n                        \"lat\" : 41.1498047,\n                        \"lng\" : -8.6112436\n                     },\n                     \"html_instructions\" : \"\\u003cb\\u003eR. dos Her\xC3\xB3is e dos M\xC3\xA1rtires de Angola\\u003c/b\\u003e turns slightly \\u003cb\\u003eleft\\u003c/b\\u003e and becomes \\u003cb\\u003eR. Clube dos Fenianos\\u003c/b\\u003e\",\n                     \"polyline\" : {\n                        \"points\" : \"{gdzFvxps@j@AH?b@DhAr@n@V\"\n                     },\n                     \"start_location\" : {\n                        \"lat\" : 41.1508591,\n                        \"lng\" : -8.610844799999999\n                     },\n                     \"travel_mode\" : \"DRIVING\"\n                  },\n                  {\n                     \"distance\" : {\n                        \"text\" : \"0.3 km\",\n                        \"value\" : 324\n                     },\n                     \"duration\" : {\n                        \"text\" : \"1 min\",\n                        \"value\" : 61\n                     },\n                     \"end_location\" : {\n                        \"lat\" : 41.1469058,\n                        \"lng\" : -8.611461199999999\n                     },\n                     \"html_instructions\" : \"\\u003cb\\u003eR. Clube dos Fenianos\\u003c/b\\u003e turns slightly \\u003cb\\u003eleft\\u003c/b\\u003e and becomes \\u003cb\\u003eAv. dos Aliados\\u003c/b\\u003e\",\n                     \"polyline\" : {\n                        \"points\" : \"gadzFf{ps@lAAVEh@Av@Bh@@`@@l@?x@FfD`@\\\\B\"\n                     },\n                     \"start_location\" : {\n                        \"lat\" : 41.1498047,\n                        \"lng\" : -8.6112436\n                     },\n                     \"travel_mode\" : \"DRIVING\"\n                  },\n                  {\n                     \"distance\" : {\n                        \"text\" : \"0.1 km\",\n                        \"value\" : 95\n                     },\n                     \"duration\" : {\n                        \"text\" : \"1 min\",\n                        \"value\" : 27\n                     },\n                     \"end_location\" : {\n                        \"lat\" : 41.1460554,\n                        \"lng\" : -8.611595099999999\n                     },\n                     \"html_instructions\" : \"Continue onto \\u003cb\\u003ePra\xC3\xA7a da Liberdade\\u003c/b\\u003e\",\n                     \"polyline\" : {\n                        \"points\" : \"eoczFr|ps@^BhCV\"\n                     },\n                     \"start_location\" : {\n                        \"lat\" : 41.1469058,\n                        \"lng\" : -8.611461199999999\n                     },\n                     \"travel_mode\" : \"DRIVING\"\n                  },\n                  {\n                     \"distance\" : {\n                        \"text\" : \"68 m\",\n                        \"value\" : 68\n                     },\n                     \"duration\" : {\n                        \"text\" : \"1 min\",\n                        \"value\" : 20\n                     },\n                     \"end_location\" : {\n                        \"lat\" : 41.14608990000001,\n                        \"lng\" : -8.6107896\n                     },\n                     \"html_instructions\" : \"Turn \\u003cb\\u003eleft\\u003c/b\\u003e to stay on \\u003cb\\u003ePra\xC3\xA7a da Liberdade\\u003c/b\\u003e\",\n                     \"maneuver\" : \"turn-left\",\n                     \"polyline\" : {\n                        \"points\" : \"{iczFn}ps@C}@AcB\"\n                     },\n                     \"start_location\" : {\n                        \"lat\" : 41.1460554,\n                        \"lng\" : -8.611595099999999\n                     },\n                     \"travel_mode\" : \"DRIVING\"\n                  },\n                  {\n                     \"distance\" : {\n                        \"text\" : \"0.1 km\",\n                        \"value\" : 109\n                     },\n                     \"duration\" : {\n                        \"text\" : \"1 min\",\n                        \"value\" : 30\n                     },\n                     \"end_location\" : {\n                        \"lat\" : 41.14511419999999,\n                        \"lng\" : -8.6108818\n                     },\n                     \"html_instructions\" : \"Turn \\u003cb\\u003eright\\u003c/b\\u003e onto \\u003cb\\u003ePra\xC3\xA7a de Almeida Garrett\\u003c/b\\u003e\",\n                     \"maneuver\" : \"turn-right\",\n                     \"polyline\" : {\n                        \"points\" : \"ajczFlxps@v@@J@xAJP@R?\"\n                     },\n                     \"start_location\" : {\n                        \"lat\" : 41.14608990000001,\n                        \"lng\" : -8.6107896\n                     },\n                     \"travel_mode\" : \"DRIVING\"\n                  },\n                  {\n                     \"distance\" : {\n                        \"text\" : \"0.4 km\",\n                        \"value\" : 382\n                     },\n                     \"duration\" : {\n                        \"text\" : \"1 min\",\n                        \"value\" : 74\n                     },\n                     \"end_location\" : {\n                        \"lat\" : 41.1427499,\n                        \"lng\" : -8.614151999999999\n                     },\n                     \"html_instructions\" : \"Turn \\u003cb\\u003eright\\u003c/b\\u003e onto \\u003cb\\u003eR. de Mouzinho da Silveira\\u003c/b\\u003e\",\n                     \"maneuver\" : \"turn-right\",\n                     \"polyline\" : {\n                        \"points\" : \"}cczF~xps@?J@D?B@B?@@@?@@B@B@@FH`AnATZv@vADFxCnErBzCJNHHHF\"\n                     },\n                     \"start_location\" : {\n                        \"lat\" : 41.14511419999999,\n                        \"lng\" : -8.6108818\n                     },\n                     \"travel_mode\" : \"DRIVING\"\n                  },\n                  {\n                     \"distance\" : {\n                        \"text\" : \"0.1 km\",\n                        \"value\" : 102\n                     },\n                     \"duration\" : {\n                        \"text\" : \"1 min\",\n                        \"value\" : 28\n                     },\n                     \"end_location\" : {\n                        \"lat\" : 41.14280309999999,\n                        \"lng\" : -8.6152666\n                     },\n                     \"html_instructions\" : \"Turn \\u003cb\\u003eright\\u003c/b\\u003e onto \\u003cb\\u003eLargo S\xC3\xA3o Domingos\\u003c/b\\u003e\",\n                     \"maneuver\" : \"turn-right\",\n                     \"polyline\" : {\n                        \"points\" : \"eubzFlmqs@WvAM^FJFND\\\\Dl@\"\n                     },\n                     \"start_location\" : {\n                        \"lat\" : 41.1427499,\n                        \"lng\" : -8.614151999999999\n                     },\n                     \"travel_mode\" : \"DRIVING\"\n                  },\n                  {\n                     \"distance\" : {\n                        \"text\" : \"68 m\",\n                        \"value\" : 68\n                     },\n                     \"duration\" : {\n                        \"text\" : \"1 min\",\n                        \"value\" : 18\n                     },\n                     \"end_location\" : {\n                        \"lat\" : 41.1421912,\n                        \"lng\" : -8.6152616\n                     },\n                     \"html_instructions\" : \"Turn \\u003cb\\u003eleft\\u003c/b\\u003e onto \\u003cb\\u003eR. de Ferreira Borges\\u003c/b\\u003e\\u003cdiv style=\\\"font-size:0.9em\\\"\\u003eDestination will be on the left\\u003c/div\\u003e\",\n                     \"maneuver\" : \"turn-left\",\n                     \"polyline\" : {\n                        \"points\" : \"oubzFltqs@t@AbA?\"\n                     },\n                     \"start_location\" : {\n                        \"lat\" : 41.14280309999999,\n                        \"lng\" : -8.6152666\n                     },\n                     \"travel_mode\" : \"DRIVING\"\n                  }\n               ],\n               \"traffic_speed_entry\" : [],\n               \"via_waypoint\" : []\n            }\n         ],\n         \"overview_polyline\" : {\n            \"points\" : \"{xgzFjzls@hD`H|CjHTp@T~@pE~Tf@xBL`@T\\\\f@F`@LlEvA`PtEzH|BjJrC~NjE|DtAk@fIpFJHHDLGpGKfRAzB?RH?N?n@@NAHEhE?n@ZnElCt@Ab@DhAr@n@VlAAVEh@A`BDnA@x@FfD`@|@FhCVC}@AcBv@@dBLd@@@PBJDJhAxAlArB~GbKRPWvAM^NZJjAxBA\"\n         },\n         \"summary\" : \"Rua da Alegria\",\n         \"warnings\" : [],\n         \"waypoint_order\" : []\n      }\n   ],\n   \"status\" : \"OK\"\n}\n"):
  app/controllers/directions_controller.rb:13:in `index'


  Rendered /Users/luisdias/.rvm/gems/ruby-2.3.1/gems/actionpack-4.2.6/lib/action_dispatch/middleware/templates/rescues/_source.erb (4.4ms)
  Rendered /Users/luisdias/.rvm/gems/ruby-2.3.1/gems/actionpack-4.2.6/lib/action_dispatch/middleware/templates/rescues/_trace.html.erb (4.8ms)
  Rendered /Users/luisdias/.rvm/gems/ruby-2.3.1/gems/actionpack-4.2.6/lib/action_dispatch/middleware/templates/rescues/_request_and_response.html.erb (0.7ms)
  Rendered /Users/luisdias/.rvm/gems/ruby-2.3.1/gems/actionpack-4.2.6/lib/action_dispatch/middleware/templates/rescues/diagnostics.html.erb within rescues/layout (52.8ms)
  Rendered /Users/luisdias/.rvm/gems/ruby-2.3.1/gems/web-console-2.3.0/lib/web_console/templates/_markup.html.erb (0.4ms)
  Rendered /Users/luisdias/.rvm/gems/ruby-2.3.1/gems/web-console-2.3.0/lib/web_console/templates/_inner_console_markup.html.erb within layouts/inlined_string (0.3ms)
  Rendered /Users/luisdias/.rvm/gems/ruby-2.3.1/gems/web-console-2.3.0/lib/web_console/templates/_prompt_box_markup.html.erb within layouts/inlined_string (0.3ms)
  Rendered /Users/luisdias/.rvm/gems/ruby-2.3.1/gems/web-console-2.3.0/lib/web_console/templates/style.css.erb within layouts/inlined_string (0.4ms)
  Rendered /Users/luisdias/.rvm/gems/ruby-2.3.1/gems/web-console-2.3.0/lib/web_console/templates/console.js.erb within layouts/javascript (38.9ms)
  Rendered /Users/luisdias/.rvm/gems/ruby-2.3.1/gems/web-console-2.3.0/lib/web_console/templates/main.js.erb within layouts/javascript (0.3ms)
  Rendered /Users/luisdias/.rvm/gems/ruby-2.3.1/gems/web-console-2.3.0/lib/web_console/templates/error_page.js.erb within layouts/javascript (0.8ms)
  Rendered /Users/luisdias/.rvm/gems/ruby-2.3.1/gems/web-console-2.3.0/lib/web_console/templates/index.html.erb (90.5ms)


Started GET "/directions" for ::1 at 2016-05-27 23:30:14 +0100
Processing by DirectionsController#index as HTML
Completed 200 OK in 122ms (Views: 0.2ms | ActiveRecord: 0.0ms)
